ERROR: find_gene: Not a single-nucleotide AA substitution: E(GAG)>C
ERROR: find_gene: Not a single-nucleotide AA substitution: E(GAG)>F
ERROR: find_gene: Not a single-nucleotide AA substitution: E(GAG)>H
ERROR: find_gene: Not a single-nucleotide AA substitution: E(GAG)>I
ERROR: find_gene: Not a single-nucleotide AA substitution: E(GAG)>L
ERROR: find_gene: Not a single-nucleotide AA substitution: E(GAG)>M
ERROR: find_gene: Not a single-nucleotide AA substitution: E(GAG)>N
ERROR: find_gene: Not a single-nucleotide AA substitution: E(GAG)>P
ERROR: find_gene: Not a single-nucleotide AA substitution: E(GAG)>R
ERROR: find_gene: Not a single-nucleotide AA substitution: E(GAG)>S
ERROR: find_gene: Not a single-nucleotide AA substitution: E(GAG)>T
ERROR: find_gene: Not a single-nucleotide AA substitution: E(GAG)>W
ERROR: find_gene: Not a single-nucleotide AA substitution: E(GAG)>Y
ERROR: find_gene: Not a single-nucleotide AA substitution: E(GAG)>C
ERROR: find_gene: Not a single-nucleotide AA substitution: E(GAG)>F
ERROR: find_gene: Not a single-nucleotide AA substitution: E(GAG)>H
ERROR: find_gene: Not a single-nucleotide AA substitution: E(GAG)>I
ERROR: find_gene: Not a single-nucleotide AA substitution: E(GAG)>L
ERROR: find_gene: Not a single-nucleotide AA substitution: E(GAG)>M
ERROR: find_gene: Not a single-nucleotide AA substitution: E(GAG)>N
ERROR: find_gene: Not a single-nucleotide AA substitution: E(GAG)>P
ERROR: find_gene: Not a single-nucleotide AA substitution: E(GAG)>R
ERROR: find_gene: Not a single-nucleotide AA substitution: E(GAG)>S
ERROR: find_gene: Not a single-nucleotide AA substitution: E(GAG)>T
ERROR: find_gene: Not a single-nucleotide AA substitution: E(GAG)>W
ERROR: find_gene: Not a single-nucleotide AA substitution: E(GAG)>Y
ERROR: find_gene: Not a single-nucleotide AA substitution: Q(CAG)>A
ERROR: find_gene: Not a single-nucleotide AA substitution: Q(CAG)>C
ERROR: find_gene: Not a single-nucleotide AA substitution: Q(CAG)>D
ERROR: find_gene: Not a single-nucleotide AA substitution: Q(CAG)>F
ERROR: find_gene: Not a single-nucleotide AA substitution: Q(CAG)>G
ERROR: find_gene: Not a single-nucleotide AA substitution: Q(CAG)>I
ERROR: find_gene: Not a single-nucleotide AA substitution: Q(CAG)>M
ERROR: find_gene: Not a single-nucleotide AA substitution: Q(CAG)>N
ERROR: find_gene: Not a single-nucleotide AA substitution: Q(CAG)>S
ERROR: find_gene: Not a single-nucleotide AA substitution: Q(CAG)>T
ERROR: find_gene: Not a single-nucleotide AA substitution: Q(CAG)>V
ERROR: find_gene: Not a single-nucleotide AA substitution: Q(CAG)>W
ERROR: find_gene: Not a single-nucleotide AA substitution: Q(CAG)>Y
ERROR: find_gene: Not a single-nucleotide AA substitution: P(CCA)>C
ERROR: find_gene: Not a single-nucleotide AA substitution: P(CCA)>D
ERROR: find_gene: Not a single-nucleotide AA substitution: P(CCA)>E
ERROR: find_gene: Not a single-nucleotide AA substitution: P(CCA)>F
ERROR: find_gene: Not a single-nucleotide AA substitution: P(CCA)>G
ERROR: find_gene: Not a single-nucleotide AA substitution: P(CCA)>H
ERROR: find_gene: Not a single-nucleotide AA substitution: P(CCA)>I
ERROR: find_gene: Not a single-nucleotide AA substitution: P(CCA)>K
ERROR: find_gene: Not a single-nucleotide AA substitution: P(CCA)>M
ERROR: find_gene: Not a single-nucleotide AA substitution: P(CCA)>N
ERROR: find_gene: Not a single-nucleotide AA substitution: P(CCA)>V
ERROR: find_gene: Not a single-nucleotide AA substitution: P(CCA)>W
ERROR: find_gene: Not a single-nucleotide AA substitution: P(CCA)>Y
ERROR: find_gene: Not a single-nucleotide AA substitution: E(GAA)>C
ERROR: find_gene: Not a single-nucleotide AA substitution: E(GAA)>F
ERROR: find_gene: Not a single-nucleotide AA substitution: E(GAA)>H
ERROR: find_gene: Not a single-nucleotide AA substitution: E(GAA)>I
ERROR: find_gene: Not a single-nucleotide AA substitution: E(GAA)>L
ERROR: find_gene: Not a single-nucleotide AA substitution: E(GAA)>M
ERROR: find_gene: Not a single-nucleotide AA substitution: E(GAA)>N
ERROR: find_gene: Not a single-nucleotide AA substitution: E(GAA)>P
ERROR: find_gene: Not a single-nucleotide AA substitution: E(GAA)>R
ERROR: find_gene: Not a single-nucleotide AA substitution: E(GAA)>S
ERROR: find_gene: Not a single-nucleotide AA substitution: E(GAA)>T
ERROR: find_gene: Not a single-nucleotide AA substitution: E(GAA)>W
ERROR: find_gene: Not a single-nucleotide AA substitution: E(GAA)>Y
ERROR: find_gene: Not a single-nucleotide AA substitution: C(TGC)>A
ERROR: find_gene: Not a single-nucleotide AA substitution: C(TGC)>D
ERROR: find_gene: Not a single-nucleotide AA substitution: C(TGC)>E
ERROR: find_gene: Not a single-nucleotide AA substitution: C(TGC)>H
ERROR: find_gene: Not a single-nucleotide AA substitution: C(TGC)>I
ERROR: find_gene: Not a single-nucleotide AA substitution: C(TGC)>K
ERROR: find_gene: Not a single-nucleotide AA substitution: C(TGC)>L
ERROR: find_gene: Not a single-nucleotide AA substitution: C(TGC)>M
ERROR: find_gene: Not a single-nucleotide AA substitution: C(TGC)>N
ERROR: find_gene: Not a single-nucleotide AA substitution: C(TGC)>P
ERROR: find_gene: Not a single-nucleotide AA substitution: C(TGC)>Q
ERROR: find_gene: Not a single-nucleotide AA substitution: C(TGC)>T
ERROR: find_gene: Not a single-nucleotide AA substitution: C(TGC)>V
ERROR: find_gene: Not a single-nucleotide AA substitution: R(AGA)>A
ERROR: find_gene: Not a single-nucleotide AA substitution: R(AGA)>C
ERROR: find_gene: Not a single-nucleotide AA substitution: R(AGA)>D
ERROR: find_gene: Not a single-nucleotide AA substitution: R(AGA)>E
ERROR: find_gene: Not a single-nucleotide AA substitution: R(AGA)>F
ERROR: find_gene: Not a single-nucleotide AA substitution: R(AGA)>H
ERROR: find_gene: Not a single-nucleotide AA substitution: R(AGA)>L
ERROR: find_gene: Not a single-nucleotide AA substitution: R(AGA)>M
ERROR: find_gene: Not a single-nucleotide AA substitution: R(AGA)>N
ERROR: find_gene: Not a single-nucleotide AA substitution: R(AGA)>P
ERROR: find_gene: Not a single-nucleotide AA substitution: R(AGA)>Q
ERROR: find_gene: Not a single-nucleotide AA substitution: R(AGA)>V
ERROR: find_gene: Not a single-nucleotide AA substitution: R(AGA)>W
ERROR: find_gene: Not a single-nucleotide AA substitution: R(AGA)>Y
ERROR: find_gene: Not a single-nucleotide AA substitution: E(GAA)>C
ERROR: find_gene: Not a single-nucleotide AA substitution: E(GAA)>F
ERROR: find_gene: Not a single-nucleotide AA substitution: E(GAA)>H
ERROR: find_gene: Not a single-nucleotide AA substitution: E(GAA)>I
ERROR: find_gene: Not a single-nucleotide AA substitution: E(GAA)>L
ERROR: find_gene: Not a single-nucleotide AA substitution: E(GAA)>M
ERROR: find_gene: Not a single-nucleotide AA substitution: E(GAA)>N
ERROR: find_gene: Not a single-nucleotide AA substitution: E(GAA)>P
ERROR: find_gene: Not a single-nucleotide AA substitution: E(GAA)>R
ERROR: find_gene: Not a single-nucleotide AA substitution: E(GAA)>S
ERROR: find_gene: Not a single-nucleotide AA substitution: E(GAA)>T
ERROR: find_gene: Not a single-nucleotide AA substitution: E(GAA)>W
ERROR: find_gene: Not a single-nucleotide AA substitution: E(GAA)>Y
ERROR: find_gene: Not a single-nucleotide AA substitution: E(GAA)>C
ERROR: find_gene: Not a single-nucleotide AA substitution: E(GAA)>F
ERROR: find_gene: Not a single-nucleotide AA substitution: E(GAA)>H
ERROR: find_gene: Not a single-nucleotide AA substitution: E(GAA)>I
ERROR: find_gene: Not a single-nucleotide AA substitution: E(GAA)>L
ERROR: find_gene: Not a single-nucleotide AA substitution: E(GAA)>M
ERROR: find_gene: Not a single-nucleotide AA substitution: E(GAA)>N
ERROR: find_gene: Not a single-nucleotide AA substitution: E(GAA)>P
ERROR: find_gene: Not a single-nucleotide AA substitution: E(GAA)>R
ERROR: find_gene: Not a single-nucleotide AA substitution: E(GAA)>S
ERROR: find_gene: Not a single-nucleotide AA substitution: E(GAA)>T
ERROR: find_gene: Not a single-nucleotide AA substitution: E(GAA)>W
ERROR: find_gene: Not a single-nucleotide AA substitution: E(GAA)>Y
ERROR: find_gene: Not a single-nucleotide AA substitution: K(AAA)>A
ERROR: find_gene: Not a single-nucleotide AA substitution: K(AAA)>C
ERROR: find_gene: Not a single-nucleotide AA substitution: K(AAA)>D
ERROR: find_gene: Not a single-nucleotide AA substitution: K(AAA)>F
ERROR: find_gene: Not a single-nucleotide AA substitution: K(AAA)>G
ERROR: find_gene: Not a single-nucleotide AA substitution: K(AAA)>H
ERROR: find_gene: Not a single-nucleotide AA substitution: K(AAA)>L
ERROR: find_gene: Not a single-nucleotide AA substitution: K(AAA)>M
ERROR: find_gene: Not a single-nucleotide AA substitution: K(AAA)>P
ERROR: find_gene: Not a single-nucleotide AA substitution: K(AAA)>S
ERROR: find_gene: Not a single-nucleotide AA substitution: K(AAA)>V
ERROR: find_gene: Not a single-nucleotide AA substitution: K(AAA)>W
ERROR: find_gene: Not a single-nucleotide AA substitution: K(AAA)>Y
ERROR: find_gene: Not a single-nucleotide AA substitution: R(AGA)>A
ERROR: find_gene: Not a single-nucleotide AA substitution: R(AGA)>C
ERROR: find_gene: Not a single-nucleotide AA substitution: R(AGA)>D
ERROR: find_gene: Not a single-nucleotide AA substitution: R(AGA)>E
ERROR: find_gene: Not a single-nucleotide AA substitution: R(AGA)>F
ERROR: find_gene: Not a single-nucleotide AA substitution: R(AGA)>H
ERROR: find_gene: Not a single-nucleotide AA substitution: R(AGA)>L
ERROR: find_gene: Not a single-nucleotide AA substitution: R(AGA)>M
ERROR: find_gene: Not a single-nucleotide AA substitution: R(AGA)>N
ERROR: find_gene: Not a single-nucleotide AA substitution: R(AGA)>P
ERROR: find_gene: Not a single-nucleotide AA substitution: R(AGA)>Q
ERROR: find_gene: Not a single-nucleotide AA substitution: R(AGA)>V
ERROR: find_gene: Not a single-nucleotide AA substitution: R(AGA)>W
ERROR: find_gene: Not a single-nucleotide AA substitution: R(AGA)>Y
ERROR: find_gene: Not a single-nucleotide AA substitution: G(GGT)>E
ERROR: find_gene: Not a single-nucleotide AA substitution: G(GGT)>F
ERROR: find_gene: Not a single-nucleotide AA substitution: G(GGT)>H
ERROR: find_gene: Not a single-nucleotide AA substitution: G(GGT)>I
ERROR: find_gene: Not a single-nucleotide AA substitution: G(GGT)>K
ERROR: find_gene: Not a single-nucleotide AA substitution: G(GGT)>L
ERROR: find_gene: Not a single-nucleotide AA substitution: G(GGT)>M
ERROR: find_gene: Not a single-nucleotide AA substitution: G(GGT)>N
ERROR: find_gene: Not a single-nucleotide AA substitution: G(GGT)>P
ERROR: find_gene: Not a single-nucleotide AA substitution: G(GGT)>Q
ERROR: find_gene: Not a single-nucleotide AA substitution: G(GGT)>T
ERROR: find_gene: Not a single-nucleotide AA substitution: G(GGT)>W
ERROR: find_gene: Not a single-nucleotide AA substitution: G(GGT)>Y
ERROR: find_gene: Not a single-nucleotide AA substitution: S(TCT)>D
ERROR: find_gene: Not a single-nucleotide AA substitution: S(TCT)>E
ERROR: find_gene: Not a single-nucleotide AA substitution: S(TCT)>G
ERROR: find_gene: Not a single-nucleotide AA substitution: S(TCT)>H
ERROR: find_gene: Not a single-nucleotide AA substitution: S(TCT)>I
ERROR: find_gene: Not a single-nucleotide AA substitution: S(TCT)>K
ERROR: find_gene: Not a single-nucleotide AA substitution: S(TCT)>L
ERROR: find_gene: Not a single-nucleotide AA substitution: S(TCT)>M
ERROR: find_gene: Not a single-nucleotide AA substitution: S(TCT)>N
ERROR: find_gene: Not a single-nucleotide AA substitution: S(TCT)>Q
ERROR: find_gene: Not a single-nucleotide AA substitution: S(TCT)>R
ERROR: find_gene: Not a single-nucleotide AA substitution: S(TCT)>V
ERROR: find_gene: Not a single-nucleotide AA substitution: S(TCT)>W
ERROR: find_gene: Not a single-nucleotide AA substitution: L(CTG)>A
ERROR: find_gene: Not a single-nucleotide AA substitution: L(CTG)>C
ERROR: find_gene: Not a single-nucleotide AA substitution: L(CTG)>D
ERROR: find_gene: Not a single-nucleotide AA substitution: L(CTG)>E
ERROR: find_gene: Not a single-nucleotide AA substitution: L(CTG)>F
ERROR: find_gene: Not a single-nucleotide AA substitution: L(CTG)>G
ERROR: find_gene: Not a single-nucleotide AA substitution: L(CTG)>H
ERROR: find_gene: Not a single-nucleotide AA substitution: L(CTG)>I
ERROR: find_gene: Not a single-nucleotide AA substitution: L(CTG)>K
ERROR: find_gene: Not a single-nucleotide AA substitution: L(CTG)>N
ERROR: find_gene: Not a single-nucleotide AA substitution: L(CTG)>S
ERROR: find_gene: Not a single-nucleotide AA substitution: L(CTG)>T
ERROR: find_gene: Not a single-nucleotide AA substitution: L(CTG)>W
ERROR: find_gene: Not a single-nucleotide AA substitution: L(CTG)>Y
ERROR: find_gene: Not a single-nucleotide AA substitution: H(CAT)>A
ERROR: find_gene: Not a single-nucleotide AA substitution: H(CAT)>C
ERROR: find_gene: Not a single-nucleotide AA substitution: H(CAT)>E
ERROR: find_gene: Not a single-nucleotide AA substitution: H(CAT)>F
ERROR: find_gene: Not a single-nucleotide AA substitution: H(CAT)>G
ERROR: find_gene: Not a single-nucleotide AA substitution: H(CAT)>I
ERROR: find_gene: Not a single-nucleotide AA substitution: H(CAT)>K
ERROR: find_gene: Not a single-nucleotide AA substitution: H(CAT)>M
ERROR: find_gene: Not a single-nucleotide AA substitution: H(CAT)>S
ERROR: find_gene: Not a single-nucleotide AA substitution: H(CAT)>T
ERROR: find_gene: Not a single-nucleotide AA substitution: H(CAT)>V
ERROR: find_gene: Not a single-nucleotide AA substitution: H(CAT)>W
ERROR: find_gene: Not a single-nucleotide AA substitution: V(GTT)>C
ERROR: find_gene: Not a single-nucleotide AA substitution: V(GTT)>E
ERROR: find_gene: Not a single-nucleotide AA substitution: V(GTT)>H
ERROR: find_gene: Not a single-nucleotide AA substitution: V(GTT)>K
ERROR: find_gene: Not a single-nucleotide AA substitution: V(GTT)>M
ERROR: find_gene: Not a single-nucleotide AA substitution: V(GTT)>N
ERROR: find_gene: Not a single-nucleotide AA substitution: V(GTT)>P
ERROR: find_gene: Not a single-nucleotide AA substitution: V(GTT)>Q
ERROR: find_gene: Not a single-nucleotide AA substitution: V(GTT)>R
ERROR: find_gene: Not a single-nucleotide AA substitution: V(GTT)>S
ERROR: find_gene: Not a single-nucleotide AA substitution: V(GTT)>T
ERROR: find_gene: Not a single-nucleotide AA substitution: V(GTT)>W
ERROR: find_gene: Not a single-nucleotide AA substitution: V(GTT)>Y
ERROR: find_gene: Not a single-nucleotide AA substitution: W(TGG)>A
ERROR: find_gene: Not a single-nucleotide AA substitution: W(TGG)>D
ERROR: find_gene: Not a single-nucleotide AA substitution: W(TGG)>E
ERROR: find_gene: Not a single-nucleotide AA substitution: W(TGG)>F
ERROR: find_gene: Not a single-nucleotide AA substitution: W(TGG)>H
ERROR: find_gene: Not a single-nucleotide AA substitution: W(TGG)>I
ERROR: find_gene: Not a single-nucleotide AA substitution: W(TGG)>K
ERROR: find_gene: Not a single-nucleotide AA substitution: W(TGG)>M
ERROR: find_gene: Not a single-nucleotide AA substitution: W(TGG)>N
ERROR: find_gene: Not a single-nucleotide AA substitution: W(TGG)>P
ERROR: find_gene: Not a single-nucleotide AA substitution: W(TGG)>Q
ERROR: find_gene: Not a single-nucleotide AA substitution: W(TGG)>T
ERROR: find_gene: Not a single-nucleotide AA substitution: W(TGG)>V
ERROR: find_gene: Not a single-nucleotide AA substitution: W(TGG)>Y
ERROR: find_gene: Not a single-nucleotide AA substitution: K(AAG)>A
ERROR: find_gene: Not a single-nucleotide AA substitution: K(AAG)>C
ERROR: find_gene: Not a single-nucleotide AA substitution: K(AAG)>D
ERROR: find_gene: Not a single-nucleotide AA substitution: K(AAG)>F
ERROR: find_gene: Not a single-nucleotide AA substitution: K(AAG)>G
ERROR: find_gene: Not a single-nucleotide AA substitution: K(AAG)>H
ERROR: find_gene: Not a single-nucleotide AA substitution: K(AAG)>I
ERROR: find_gene: Not a single-nucleotide AA substitution: K(AAG)>L
ERROR: find_gene: Not a single-nucleotide AA substitution: K(AAG)>P
ERROR: find_gene: Not a single-nucleotide AA substitution: K(AAG)>S
ERROR: find_gene: Not a single-nucleotide AA substitution: K(AAG)>V
ERROR: find_gene: Not a single-nucleotide AA substitution: K(AAG)>W
ERROR: find_gene: Not a single-nucleotide AA substitution: K(AAG)>Y
ERROR: find_gene: Not a single-nucleotide AA substitution: S(TCG)>C
ERROR: find_gene: Not a single-nucleotide AA substitution: S(TCG)>D
ERROR: find_gene: Not a single-nucleotide AA substitution: S(TCG)>E
ERROR: find_gene: Not a single-nucleotide AA substitution: S(TCG)>F
ERROR: find_gene: Not a single-nucleotide AA substitution: S(TCG)>G
ERROR: find_gene: Not a single-nucleotide AA substitution: S(TCG)>H
ERROR: find_gene: Not a single-nucleotide AA substitution: S(TCG)>I
ERROR: find_gene: Not a single-nucleotide AA substitution: S(TCG)>K
ERROR: find_gene: Not a single-nucleotide AA substitution: S(TCG)>M
ERROR: find_gene: Not a single-nucleotide AA substitution: S(TCG)>N
ERROR: find_gene: Not a single-nucleotide AA substitution: S(TCG)>Q
ERROR: find_gene: Not a single-nucleotide AA substitution: S(TCG)>R
ERROR: find_gene: Not a single-nucleotide AA substitution: S(TCG)>V
ERROR: find_gene: Not a single-nucleotide AA substitution: S(TCG)>Y
ERROR: find_gene: Not a single-nucleotide AA substitution: E(GAA)>C
ERROR: find_gene: Not a single-nucleotide AA substitution: E(GAA)>F
ERROR: find_gene: Not a single-nucleotide AA substitution: E(GAA)>H
ERROR: find_gene: Not a single-nucleotide AA substitution: E(GAA)>I
ERROR: find_gene: Not a single-nucleotide AA substitution: E(GAA)>L
ERROR: find_gene: Not a single-nucleotide AA substitution: E(GAA)>M
ERROR: find_gene: Not a single-nucleotide AA substitution: E(GAA)>N
ERROR: find_gene: Not a single-nucleotide AA substitution: E(GAA)>P
ERROR: find_gene: Not a single-nucleotide AA substitution: E(GAA)>R
ERROR: find_gene: Not a single-nucleotide AA substitution: E(GAA)>S
ERROR: find_gene: Not a single-nucleotide AA substitution: E(GAA)>T
ERROR: find_gene: Not a single-nucleotide AA substitution: E(GAA)>W
ERROR: find_gene: Not a single-nucleotide AA substitution: E(GAA)>Y
ERROR: find_gene: Not a single-nucleotide AA substitution: L(TTG)>A
ERROR: find_gene: Not a single-nucleotide AA substitution: L(TTG)>C
ERROR: find_gene: Not a single-nucleotide AA substitution: L(TTG)>D
ERROR: find_gene: Not a single-nucleotide AA substitution: L(TTG)>E
ERROR: find_gene: Not a single-nucleotide AA substitution: L(TTG)>G
ERROR: find_gene: Not a single-nucleotide AA substitution: L(TTG)>H
ERROR: find_gene: Not a single-nucleotide AA substitution: L(TTG)>I
ERROR: find_gene: Not a single-nucleotide AA substitution: L(TTG)>K
ERROR: find_gene: Not a single-nucleotide AA substitution: L(TTG)>N
ERROR: find_gene: Not a single-nucleotide AA substitution: L(TTG)>P
ERROR: find_gene: Not a single-nucleotide AA substitution: L(TTG)>Q
ERROR: find_gene: Not a single-nucleotide AA substitution: L(TTG)>R
ERROR: find_gene: Not a single-nucleotide AA substitution: L(TTG)>T
ERROR: find_gene: Not a single-nucleotide AA substitution: L(TTG)>Y
ERROR: find_gene: Not a single-nucleotide AA substitution: V(GTT)>C
ERROR: find_gene: Not a single-nucleotide AA substitution: V(GTT)>E
ERROR: find_gene: Not a single-nucleotide AA substitution: V(GTT)>H
ERROR: find_gene: Not a single-nucleotide AA substitution: V(GTT)>K
ERROR: find_gene: Not a single-nucleotide AA substitution: V(GTT)>M
ERROR: find_gene: Not a single-nucleotide AA substitution: V(GTT)>N
ERROR: find_gene: Not a single-nucleotide AA substitution: V(GTT)>P
ERROR: find_gene: Not a single-nucleotide AA substitution: V(GTT)>Q
ERROR: find_gene: Not a single-nucleotide AA substitution: V(GTT)>R
ERROR: find_gene: Not a single-nucleotide AA substitution: V(GTT)>S
ERROR: find_gene: Not a single-nucleotide AA substitution: V(GTT)>T
ERROR: find_gene: Not a single-nucleotide AA substitution: V(GTT)>W
ERROR: find_gene: Not a single-nucleotide AA substitution: V(GTT)>Y
ERROR: find_gene: Not a single-nucleotide AA substitution: E(GAA)>C
ERROR: find_gene: Not a single-nucleotide AA substitution: E(GAA)>F
ERROR: find_gene: Not a single-nucleotide AA substitution: E(GAA)>H
ERROR: find_gene: Not a single-nucleotide AA substitution: E(GAA)>I
ERROR: find_gene: Not a single-nucleotide AA substitution: E(GAA)>L
ERROR: find_gene: Not a single-nucleotide AA substitution: E(GAA)>M
ERROR: find_gene: Not a single-nucleotide AA substitution: E(GAA)>N
ERROR: find_gene: Not a single-nucleotide AA substitution: E(GAA)>P
ERROR: find_gene: Not a single-nucleotide AA substitution: E(GAA)>R
ERROR: find_gene: Not a single-nucleotide AA substitution: E(GAA)>S
ERROR: find_gene: Not a single-nucleotide AA substitution: E(GAA)>T
ERROR: find_gene: Not a single-nucleotide AA substitution: E(GAA)>W
ERROR: find_gene: Not a single-nucleotide AA substitution: E(GAA)>Y
ERROR: find_gene: Not a single-nucleotide AA substitution: V(GTT)>C
ERROR: find_gene: Not a single-nucleotide AA substitution: V(GTT)>E
ERROR: find_gene: Not a single-nucleotide AA substitution: V(GTT)>H
ERROR: find_gene: Not a single-nucleotide AA substitution: V(GTT)>K
ERROR: find_gene: Not a single-nucleotide AA substitution: V(GTT)>M
ERROR: find_gene: Not a single-nucleotide AA substitution: V(GTT)>N
ERROR: find_gene: Not a single-nucleotide AA substitution: V(GTT)>P
ERROR: find_gene: Not a single-nucleotide AA substitution: V(GTT)>Q
ERROR: find_gene: Not a single-nucleotide AA substitution: V(GTT)>R
ERROR: find_gene: Not a single-nucleotide AA substitution: V(GTT)>S
ERROR: find_gene: Not a single-nucleotide AA substitution: V(GTT)>T
ERROR: find_gene: Not a single-nucleotide AA substitution: V(GTT)>W
ERROR: find_gene: Not a single-nucleotide AA substitution: V(GTT)>Y
ERROR: find_gene: Not a single-nucleotide AA substitution: E(GAA)>C
ERROR: find_gene: Not a single-nucleotide AA substitution: E(GAA)>F
ERROR: find_gene: Not a single-nucleotide AA substitution: E(GAA)>H
ERROR: find_gene: Not a single-nucleotide AA substitution: E(GAA)>I
ERROR: find_gene: Not a single-nucleotide AA substitution: E(GAA)>L
ERROR: find_gene: Not a single-nucleotide AA substitution: E(GAA)>M
ERROR: find_gene: Not a single-nucleotide AA substitution: E(GAA)>N
ERROR: find_gene: Not a single-nucleotide AA substitution: E(GAA)>P
ERROR: find_gene: Not a single-nucleotide AA substitution: E(GAA)>R
ERROR: find_gene: Not a single-nucleotide AA substitution: E(GAA)>S
ERROR: find_gene: Not a single-nucleotide AA substitution: E(GAA)>T
ERROR: find_gene: Not a single-nucleotide AA substitution: E(GAA)>W
ERROR: find_gene: Not a single-nucleotide AA substitution: E(GAA)>Y
ERROR: find_gene: Not a single-nucleotide AA substitution: D(GAT)>C
ERROR: find_gene: Not a single-nucleotide AA substitution: D(GAT)>F
ERROR: find_gene: Not a single-nucleotide AA substitution: D(GAT)>I
ERROR: find_gene: Not a single-nucleotide AA substitution: D(GAT)>K
ERROR: find_gene: Not a single-nucleotide AA substitution: D(GAT)>L
ERROR: find_gene: Not a single-nucleotide AA substitution: D(GAT)>M
ERROR: find_gene: Not a single-nucleotide AA substitution: D(GAT)>P
ERROR: find_gene: Not a single-nucleotide AA substitution: D(GAT)>Q
ERROR: find_gene: Not a single-nucleotide AA substitution: D(GAT)>R
ERROR: find_gene: Not a single-nucleotide AA substitution: D(GAT)>S
ERROR: find_gene: Not a single-nucleotide AA substitution: D(GAT)>T
ERROR: find_gene: Not a single-nucleotide AA substitution: D(GAT)>W
ERROR: find_gene: Not a single-nucleotide AA substitution: D(GAT)>C
ERROR: find_gene: Not a single-nucleotide AA substitution: D(GAT)>F
ERROR: find_gene: Not a single-nucleotide AA substitution: D(GAT)>I
ERROR: find_gene: Not a single-nucleotide AA substitution: D(GAT)>K
ERROR: find_gene: Not a single-nucleotide AA substitution: D(GAT)>L
ERROR: find_gene: Not a single-nucleotide AA substitution: D(GAT)>M
ERROR: find_gene: Not a single-nucleotide AA substitution: D(GAT)>P
ERROR: find_gene: Not a single-nucleotide AA substitution: D(GAT)>Q
ERROR: find_gene: Not a single-nucleotide AA substitution: D(GAT)>R
ERROR: find_gene: Not a single-nucleotide AA substitution: D(GAT)>S
ERROR: find_gene: Not a single-nucleotide AA substitution: D(GAT)>T
ERROR: find_gene: Not a single-nucleotide AA substitution: D(GAT)>W
ERROR: find_gene: Not a single-nucleotide AA substitution: V(GTG)>C
ERROR: find_gene: Not a single-nucleotide AA substitution: V(GTG)>D
ERROR: find_gene: Not a single-nucleotide AA substitution: V(GTG)>F
ERROR: find_gene: Not a single-nucleotide AA substitution: V(GTG)>H
ERROR: find_gene: Not a single-nucleotide AA substitution: V(GTG)>I
ERROR: find_gene: Not a single-nucleotide AA substitution: V(GTG)>K
ERROR: find_gene: Not a single-nucleotide AA substitution: V(GTG)>N
ERROR: find_gene: Not a single-nucleotide AA substitution: V(GTG)>P
ERROR: find_gene: Not a single-nucleotide AA substitution: V(GTG)>Q
ERROR: find_gene: Not a single-nucleotide AA substitution: V(GTG)>R
ERROR: find_gene: Not a single-nucleotide AA substitution: V(GTG)>S
ERROR: find_gene: Not a single-nucleotide AA substitution: V(GTG)>T
ERROR: find_gene: Not a single-nucleotide AA substitution: V(GTG)>W
ERROR: find_gene: Not a single-nucleotide AA substitution: V(GTG)>Y
ERROR: find_gene: Not a single-nucleotide AA substitution: Y(TAT)>A
ERROR: find_gene: Not a single-nucleotide AA substitution: Y(TAT)>E
ERROR: find_gene: Not a single-nucleotide AA substitution: Y(TAT)>G
ERROR: find_gene: Not a single-nucleotide AA substitution: Y(TAT)>I
ERROR: find_gene: Not a single-nucleotide AA substitution: Y(TAT)>K
ERROR: find_gene: Not a single-nucleotide AA substitution: Y(TAT)>L
ERROR: find_gene: Not a single-nucleotide AA substitution: Y(TAT)>M
ERROR: find_gene: Not a single-nucleotide AA substitution: Y(TAT)>P
ERROR: find_gene: Not a single-nucleotide AA substitution: Y(TAT)>Q
ERROR: find_gene: Not a single-nucleotide AA substitution: Y(TAT)>R
ERROR: find_gene: Not a single-nucleotide AA substitution: Y(TAT)>T
ERROR: find_gene: Not a single-nucleotide AA substitution: Y(TAT)>V
ERROR: find_gene: Not a single-nucleotide AA substitution: Y(TAT)>W
ERROR: find_gene: Not a single-nucleotide AA substitution: L(CTG)>A
ERROR: find_gene: Not a single-nucleotide AA substitution: L(CTG)>C
ERROR: find_gene: Not a single-nucleotide AA substitution: L(CTG)>D
ERROR: find_gene: Not a single-nucleotide AA substitution: L(CTG)>E
ERROR: find_gene: Not a single-nucleotide AA substitution: L(CTG)>F
ERROR: find_gene: Not a single-nucleotide AA substitution: L(CTG)>G
ERROR: find_gene: Not a single-nucleotide AA substitution: L(CTG)>H
ERROR: find_gene: Not a single-nucleotide AA substitution: L(CTG)>I
ERROR: find_gene: Not a single-nucleotide AA substitution: L(CTG)>K
ERROR: find_gene: Not a single-nucleotide AA substitution: L(CTG)>N
ERROR: find_gene: Not a single-nucleotide AA substitution: L(CTG)>S
ERROR: find_gene: Not a single-nucleotide AA substitution: L(CTG)>T
ERROR: find_gene: Not a single-nucleotide AA substitution: L(CTG)>W
ERROR: find_gene: Not a single-nucleotide AA substitution: L(CTG)>Y
ERROR: find_gene: Not a single-nucleotide AA substitution: R(AGG)>A
ERROR: find_gene: Not a single-nucleotide AA substitution: R(AGG)>C
ERROR: find_gene: Not a single-nucleotide AA substitution: R(AGG)>D
ERROR: find_gene: Not a single-nucleotide AA substitution: R(AGG)>E
ERROR: find_gene: Not a single-nucleotide AA substitution: R(AGG)>F
ERROR: find_gene: Not a single-nucleotide AA substitution: R(AGG)>H
ERROR: find_gene: Not a single-nucleotide AA substitution: R(AGG)>I
ERROR: find_gene: Not a single-nucleotide AA substitution: R(AGG)>L
ERROR: find_gene: Not a single-nucleotide AA substitution: R(AGG)>N
ERROR: find_gene: Not a single-nucleotide AA substitution: R(AGG)>P
ERROR: find_gene: Not a single-nucleotide AA substitution: R(AGG)>Q
ERROR: find_gene: Not a single-nucleotide AA substitution: R(AGG)>V
ERROR: find_gene: Not a single-nucleotide AA substitution: R(AGG)>Y
ERROR: find_gene: Not a single-nucleotide AA substitution: H(CAC)>A
ERROR: find_gene: Not a single-nucleotide AA substitution: H(CAC)>C
ERROR: find_gene: Not a single-nucleotide AA substitution: H(CAC)>E
ERROR: find_gene: Not a single-nucleotide AA substitution: H(CAC)>F
ERROR: find_gene: Not a single-nucleotide AA substitution: H(CAC)>G
ERROR: find_gene: Not a single-nucleotide AA substitution: H(CAC)>I
ERROR: find_gene: Not a single-nucleotide AA substitution: H(CAC)>K
ERROR: find_gene: Not a single-nucleotide AA substitution: H(CAC)>M
ERROR: find_gene: Not a single-nucleotide AA substitution: H(CAC)>S
ERROR: find_gene: Not a single-nucleotide AA substitution: H(CAC)>T
ERROR: find_gene: Not a single-nucleotide AA substitution: H(CAC)>V
ERROR: find_gene: Not a single-nucleotide AA substitution: H(CAC)>W
ERROR: find_gene: Not a single-nucleotide AA substitution: S(AGC)>A
ERROR: find_gene: Not a single-nucleotide AA substitution: S(AGC)>D
ERROR: find_gene: Not a single-nucleotide AA substitution: S(AGC)>E
ERROR: find_gene: Not a single-nucleotide AA substitution: S(AGC)>F
ERROR: find_gene: Not a single-nucleotide AA substitution: S(AGC)>H
ERROR: find_gene: Not a single-nucleotide AA substitution: S(AGC)>K
ERROR: find_gene: Not a single-nucleotide AA substitution: S(AGC)>L
ERROR: find_gene: Not a single-nucleotide AA substitution: S(AGC)>M
ERROR: find_gene: Not a single-nucleotide AA substitution: S(AGC)>P
ERROR: find_gene: Not a single-nucleotide AA substitution: S(AGC)>Q
ERROR: find_gene: Not a single-nucleotide AA substitution: S(AGC)>V
ERROR: find_gene: Not a single-nucleotide AA substitution: S(AGC)>W
ERROR: find_gene: Not a single-nucleotide AA substitution: S(AGC)>Y
ERROR: find_gene: Not a single-nucleotide AA substitution: S(TCT)>D
ERROR: find_gene: Not a single-nucleotide AA substitution: S(TCT)>E
ERROR: find_gene: Not a single-nucleotide AA substitution: S(TCT)>G
ERROR: find_gene: Not a single-nucleotide AA substitution: S(TCT)>H
ERROR: find_gene: Not a single-nucleotide AA substitution: S(TCT)>I
ERROR: find_gene: Not a single-nucleotide AA substitution: S(TCT)>K
ERROR: find_gene: Not a single-nucleotide AA substitution: S(TCT)>L
ERROR: find_gene: Not a single-nucleotide AA substitution: S(TCT)>M
ERROR: find_gene: Not a single-nucleotide AA substitution: S(TCT)>N
ERROR: find_gene: Not a single-nucleotide AA substitution: S(TCT)>Q
ERROR: find_gene: Not a single-nucleotide AA substitution: S(TCT)>R
ERROR: find_gene: Not a single-nucleotide AA substitution: S(TCT)>V
ERROR: find_gene: Not a single-nucleotide AA substitution: S(TCT)>W
ERROR: find_gene: Not a single-nucleotide AA substitution: S(TCC)>D
ERROR: find_gene: Not a single-nucleotide AA substitution: S(TCC)>E
ERROR: find_gene: Not a single-nucleotide AA substitution: S(TCC)>G
ERROR: find_gene: Not a single-nucleotide AA substitution: S(TCC)>H
ERROR: find_gene: Not a single-nucleotide AA substitution: S(TCC)>I
ERROR: find_gene: Not a single-nucleotide AA substitution: S(TCC)>K
ERROR: find_gene: Not a single-nucleotide AA substitution: S(TCC)>L
ERROR: find_gene: Not a single-nucleotide AA substitution: S(TCC)>M
ERROR: find_gene: Not a single-nucleotide AA substitution: S(TCC)>N
ERROR: find_gene: Not a single-nucleotide AA substitution: S(TCC)>Q
ERROR: find_gene: Not a single-nucleotide AA substitution: S(TCC)>R
ERROR: find_gene: Not a single-nucleotide AA substitution: S(TCC)>V
ERROR: find_gene: Not a single-nucleotide AA substitution: S(TCC)>W
ERROR: find_gene: Not a single-nucleotide AA substitution: L(CTG)>A
ERROR: find_gene: Not a single-nucleotide AA substitution: L(CTG)>C
ERROR: find_gene: Not a single-nucleotide AA substitution: L(CTG)>D
ERROR: find_gene: Not a single-nucleotide AA substitution: L(CTG)>E
ERROR: find_gene: Not a single-nucleotide AA substitution: L(CTG)>F
ERROR: find_gene: Not a single-nucleotide AA substitution: L(CTG)>G
ERROR: find_gene: Not a single-nucleotide AA substitution: L(CTG)>H
ERROR: find_gene: Not a single-nucleotide AA substitution: L(CTG)>I
ERROR: find_gene: Not a single-nucleotide AA substitution: L(CTG)>K
ERROR: find_gene: Not a single-nucleotide AA substitution: L(CTG)>N
ERROR: find_gene: Not a single-nucleotide AA substitution: L(CTG)>S
ERROR: find_gene: Not a single-nucleotide AA substitution: L(CTG)>T
ERROR: find_gene: Not a single-nucleotide AA substitution: L(CTG)>W
ERROR: find_gene: Not a single-nucleotide AA substitution: L(CTG)>Y
ERROR: find_gene: Not a single-nucleotide AA substitution: T(ACT)>C
ERROR: find_gene: Not a single-nucleotide AA substitution: T(ACT)>D
ERROR: find_gene: Not a single-nucleotide AA substitution: T(ACT)>E
ERROR: find_gene: Not a single-nucleotide AA substitution: T(ACT)>F
ERROR: find_gene: Not a single-nucleotide AA substitution: T(ACT)>G
ERROR: find_gene: Not a single-nucleotide AA substitution: T(ACT)>H
ERROR: find_gene: Not a single-nucleotide AA substitution: T(ACT)>K
ERROR: find_gene: Not a single-nucleotide AA substitution: T(ACT)>L
ERROR: find_gene: Not a single-nucleotide AA substitution: T(ACT)>M
ERROR: find_gene: Not a single-nucleotide AA substitution: T(ACT)>Q
ERROR: find_gene: Not a single-nucleotide AA substitution: T(ACT)>R
ERROR: find_gene: Not a single-nucleotide AA substitution: T(ACT)>V
ERROR: find_gene: Not a single-nucleotide AA substitution: T(ACT)>W
ERROR: find_gene: Not a single-nucleotide AA substitution: T(ACT)>Y
ERROR: find_gene: Not a single-nucleotide AA substitution: Y(TAT)>A
ERROR: find_gene: Not a single-nucleotide AA substitution: Y(TAT)>E
ERROR: find_gene: Not a single-nucleotide AA substitution: Y(TAT)>G
ERROR: find_gene: Not a single-nucleotide AA substitution: Y(TAT)>I
ERROR: find_gene: Not a single-nucleotide AA substitution: Y(TAT)>K
ERROR: find_gene: Not a single-nucleotide AA substitution: Y(TAT)>L
ERROR: find_gene: Not a single-nucleotide AA substitution: Y(TAT)>M
ERROR: find_gene: Not a single-nucleotide AA substitution: Y(TAT)>P
ERROR: find_gene: Not a single-nucleotide AA substitution: Y(TAT)>Q
ERROR: find_gene: Not a single-nucleotide AA substitution: Y(TAT)>R
ERROR: find_gene: Not a single-nucleotide AA substitution: Y(TAT)>T
ERROR: find_gene: Not a single-nucleotide AA substitution: Y(TAT)>V
ERROR: find_gene: Not a single-nucleotide AA substitution: Y(TAT)>W
ERROR: find_gene: Not a single-nucleotide AA substitution: R(AGG)>A
ERROR: find_gene: Not a single-nucleotide AA substitution: R(AGG)>C
ERROR: find_gene: Not a single-nucleotide AA substitution: R(AGG)>D
ERROR: find_gene: Not a single-nucleotide AA substitution: R(AGG)>E
ERROR: find_gene: Not a single-nucleotide AA substitution: R(AGG)>F
ERROR: find_gene: Not a single-nucleotide AA substitution: R(AGG)>H
ERROR: find_gene: Not a single-nucleotide AA substitution: R(AGG)>I
ERROR: find_gene: Not a single-nucleotide AA substitution: R(AGG)>L
ERROR: find_gene: Not a single-nucleotide AA substitution: R(AGG)>N
ERROR: find_gene: Not a single-nucleotide AA substitution: R(AGG)>P
ERROR: find_gene: Not a single-nucleotide AA substitution: R(AGG)>Q
ERROR: find_gene: Not a single-nucleotide AA substitution: R(AGG)>V
ERROR: find_gene: Not a single-nucleotide AA substitution: R(AGG)>Y
ERROR: find_gene: Not a single-nucleotide AA substitution: L(CTT)>A
ERROR: find_gene: Not a single-nucleotide AA substitution: L(CTT)>C
ERROR: find_gene: Not a single-nucleotide AA substitution: L(CTT)>D
ERROR: find_gene: Not a single-nucleotide AA substitution: L(CTT)>E
ERROR: find_gene: Not a single-nucleotide AA substitution: L(CTT)>G
ERROR: find_gene: Not a single-nucleotide AA substitution: L(CTT)>K
ERROR: find_gene: Not a single-nucleotide AA substitution: L(CTT)>M
ERROR: find_gene: Not a single-nucleotide AA substitution: L(CTT)>N
ERROR: find_gene: Not a single-nucleotide AA substitution: L(CTT)>Q
ERROR: find_gene: Not a single-nucleotide AA substitution: L(CTT)>S
ERROR: find_gene: Not a single-nucleotide AA substitution: L(CTT)>T
ERROR: find_gene: Not a single-nucleotide AA substitution: L(CTT)>W
ERROR: find_gene: Not a single-nucleotide AA substitution: L(CTT)>Y
